<?xml version="1.0" encoding="UTF-8"?>
<testng-results skipped="0" failed="0" ignored="0" total="2" passed="2">
  <reporter-output>
  </reporter-output>
  <suite name="Default suite" duration-ms="1034" started-at="2019-03-28T09:25:44Z" finished-at="2019-03-28T09:25:45Z">
    <groups>
    </groups>
    <test name="Default test" duration-ms="1034" started-at="2019-03-28T09:25:44Z" finished-at="2019-03-28T09:25:45Z">
      <class name="FundooNotes.GetUserDetails_byid">
        <test-method status="PASS" signature="testResponsecode()[pri:0, instance:FundooNotes.GetUserDetails_byid@604ed9f0]" name="testResponsecode" duration-ms="970" started-at="2019-03-28T09:25:44Z" finished-at="2019-03-28T09:25:45Z">
          <reporter-output>
          </reporter-output>
        </test-method> <!-- testResponsecode -->
        <test-method status="PASS" signature="testbody()[pri:0, instance:FundooNotes.GetUserDetails_byid@604ed9f0]" name="testbody" duration-ms="32" started-at="2019-03-28T09:25:45Z" finished-at="2019-03-28T09:25:45Z">
          <reporter-output>
          </reporter-output>
        </test-method> <!-- testbody -->
      </class> <!-- FundooNotes.GetUserDetails_byid -->
    </test> <!-- Default test -->
  </suite> <!-- Default suite -->
</testng-results>
